<?xml version="1.0" encoding="UTF-8" ?>
<testsuite tests="1" failures="0" name="dropwizardYuntaoSample.MavenDropWizardSample.AppTest" time="0.02" errors="0" skipped="0">
  <properties>
    <property name="java.runtime.name" value="Java(TM) SE Runtime Environment"/>
    <property name="sun.boot.library.path" value="E:\java\jdk8\jre1.8.0_51\bin"/>
    <property name="java.vm.version" value="25.51-b03"/>
    <property name="java.vm.vendor" value="Oracle Corporation"/>
    <property name="java.vendor.url" value="http://java.oracle.com/"/>
    <property name="path.separator" value=";"/>
    <property name="guice.disable.misplaced.annotation.check" value="true"/>
    <property name="java.vm.name" value="Java HotSpot(TM) 64-Bit Server VM"/>
    <property name="file.encoding.pkg" value="sun.io"/>
    <property name="user.script" value=""/>
    <property name="user.country" value="US"/>
    <property name="sun.java.launcher" value="SUN_STANDARD"/>
    <property name="sun.os.patch.level" value=""/>
    <property name="java.vm.specification.name" value="Java Virtual Machine Specification"/>
    <property name="user.dir" value="E:\java\Maven\EclipseWorkSpace\MavenDropWizardSample"/>
    <property name="java.runtime.version" value="1.8.0_51-b16"/>
    <property name="java.awt.graphicsenv" value="sun.awt.Win32GraphicsEnvironment"/>
    <property name="java.endorsed.dirs" value="E:\java\jdk8\jre1.8.0_51\lib\endorsed"/>
    <property name="os.arch" value="amd64"/>
    <property name="java.io.tmpdir" value="C:\Users\GuaiGuai\AppData\Local\Temp\"/>
    <property name="line.separator" value="
"/>
    <property name="java.vm.specification.vendor" value="Oracle Corporation"/>
    <property name="user.variant" value=""/>
    <property name="os.name" value="Windows 8.1"/>
    <property name="classworlds.conf" value="E:\java\Maven\EclipseWorkSpace\.metadata\.plugins\org.eclipse.m2e.launching\launches\m2conf7429456772805623455.tmp"/>
    <property name="sun.jnu.encoding" value="Cp1252"/>
    <property name="java.library.path" value="E:\java\jdk8\jre1.8.0_51\bin;C:\WINDOWS\Sun\Java\bin;C:\WINDOWS\system32;C:\WINDOWS;E:/java/jdk8/bin/../jre/bin/server;E:/java/jdk8/bin/../jre/bin;E:/java/jdk8/bin/../jre/lib/amd64;E:\java\DataBase\app\GuaiGuai\product\11.2.0\dbhome_11\bin;E:\java\jdk8\jre1.8.0_51;E:\java\jdk8\jre1.8.0_51\bin;C:\ProgramData\Oracle\Java\javapath;C:\java\DataBase12c\app\oracleDB\product\12.1.0\dbhome_1\bin;E:\java\DataBase\app\GuaiGuai\product\11.2.0\dbhome_1\bin;C:\Program Files (x86)\MKS Toolkit\mksnt;C:\PROGRA~2\MKSTOO~1\bin64;C:\PROGRA~2\MKSTOO~1\bin;C:\PROGRA~2\MKSTOO~1\bin\X11;C:\PROGRA~2\MKSTOO~1\mksnt;c:\program files (x86)\common files\microsoft shared\windows live;C:\WINDOWS\system32;C:\WINDOWS;C:\WINDOWS\system32\wbem;C:\WINDOWS\system32\windowspowershell\v1.0\;c:\program files (x86)\windows live\shared;c:\program files (x86)\ati technologies\ati.ace\core-static;c:\program files (x86)\ibm\gsk8\lib;c:\program files (x86)\ibm\trace facility\;c:\program files\ibm\gsk8\lib64;C:\windows/SysWOW64;;C:\WINDOWS\system32;C:\WINDOWS;C:\WINDOWS\System32\Wbem;C:\WINDOWS\System32\WindowsPowerShell\v1.0\;C:\Program Files (x86)\ATI Technologies\ATI.ACE\Core-Static;C:\Program Files\Microsoft SQL Server\110\Tools\Binn\;C:\Program Files (x86)\Microsoft SDKs\TypeScript\1.0\;C:\Program Files\Microsoft SQL Server\120\Tools\Binn\;E:\Actuate\Actuate_CheatCode\Java\OracleStudy\Step_7_Ruby\installation\Ruby22-x64\bin;E:\Actuate\Actuate_CheatCode\Java\OracleStudy\Step_7_Ruby\installation\bin;E:\Actuate\Actuate_CheatCode\Java\OracleStudy\Step_7_Ruby\installation\nclude-dependencies\bin;E:\java\jdk1.7.0_67\bin;E:\java\Maven\apache-maven-3.3.3-bin\apache-maven-3.3.3\bin;E:\java\eclipse_selenium\eclipse\eclipse;;."/>
    <property name="java.specification.name" value="Java Platform API Specification"/>
    <property name="java.class.version" value="52.0"/>
    <property name="sun.management.compiler" value="HotSpot 64-Bit Tiered Compilers"/>
    <property name="os.version" value="6.3"/>
    <property name="user.home" value="C:\Users\GuaiGuai"/>
    <property name="user.timezone" value="America/Denver"/>
    <property name="java.awt.printerjob" value="sun.awt.windows.WPrinterJob"/>
    <property name="java.specification.version" value="1.8"/>
    <property name="file.encoding" value="Cp1252"/>
    <property name="user.name" value="GuaiGuai"/>
    <property name="java.class.path" value="/E:/java/eclipse_selenium/eclipse/eclipse/plugins/org.eclipse.m2e.maven.runtime_1.5.1.20150109-1819/jars/plexus-classworlds-2.5.1.jar"/>
    <property name="org.slf4j.simpleLogger.defaultLogLevel" value="info"/>
    <property name="java.vm.specification.version" value="1.8"/>
    <property name="sun.arch.data.model" value="64"/>
    <property name="java.home" value="E:\java\jdk8\jre1.8.0_51"/>
    <property name="sun.java.command" value="org.codehaus.plexus.classworlds.launcher.Launcher -B install"/>
    <property name="java.specification.vendor" value="Oracle Corporation"/>
    <property name="user.language" value="en"/>
    <property name="awt.toolkit" value="sun.awt.windows.WToolkit"/>
    <property name="java.vm.info" value="mixed mode"/>
    <property name="java.version" value="1.8.0_51"/>
    <property name="java.ext.dirs" value="E:\java\jdk8\jre1.8.0_51\lib\ext;C:\WINDOWS\Sun\Java\lib\ext"/>
    <property name="sun.boot.class.path" value="E:\java\jdk8\jre1.8.0_51\lib\resources.jar;E:\java\jdk8\jre1.8.0_51\lib\rt.jar;E:\java\jdk8\jre1.8.0_51\lib\sunrsasign.jar;E:\java\jdk8\jre1.8.0_51\lib\jsse.jar;E:\java\jdk8\jre1.8.0_51\lib\jce.jar;E:\java\jdk8\jre1.8.0_51\lib\charsets.jar;E:\java\jdk8\jre1.8.0_51\lib\jfr.jar;E:\java\jdk8\jre1.8.0_51\classes"/>
    <property name="java.vendor" value="Oracle Corporation"/>
    <property name="maven.home" value="E:\java\Maven\EclipseWorkSpace\MavenDropWizardSample\EMBEDDED"/>
    <property name="file.separator" value="\"/>
    <property name="java.vendor.url.bug" value="http://bugreport.sun.com/bugreport/"/>
    <property name="sun.cpu.endian" value="little"/>
    <property name="sun.io.unicode.encoding" value="UnicodeLittle"/>
    <property name="sun.desktop" value="windows"/>
    <property name="sun.cpu.isalist" value="amd64"/>
  </properties>
  <testcase classname="dropwizardYuntaoSample.MavenDropWizardSample.AppTest" name="testApp" time="0.02"/>
</testsuite>